<?xml version="1.0" encoding="UTF-8"?>
<!-- Generated by org.testng.reporters.JUnitReportReporter -->
<testsuite hostname="DESKTOP-N1NG7JA" failures="0" tests="2" name="com.ninza.hrm.api.employeetest.ProjectTest" time="3.366" errors="0" timestamp="2024-07-17T16:38:10 IST" skipped="0">
  <testcase classname="com.ninza.hrm.api.employeetest.ProjectTest" name="createDublicateProjectTest" time="0.079"/>
  <testcase classname="com.ninza.hrm.api.employeetest.ProjectTest" name="addSingleProjectWithCreated" time="3.287"/>
</testsuite> <!-- com.ninza.hrm.api.employeetest.ProjectTest -->
